<?xml version="1.0" encoding="UTF-8"?>
<testng-results skipped="0" failed="0" ignored="0" total="1" passed="1">
  <reporter-output>
  </reporter-output>
  <suite name="Suite" duration-ms="10631" started-at="2017-07-24T12:57:05Z" finished-at="2017-07-24T12:57:15Z">
    <groups>
      <group name="examples-testng">
        <method signature="Runner.runCukes()[pri:0, instance:com.maven.cucumber.Runner.Runner@2096442d]" name="runCukes" class="com.maven.cucumber.Runner.Runner"/>
      </group> <!-- examples-testng -->
    </groups>
    <test name="Test" duration-ms="10631" started-at="2017-07-24T12:57:05Z" finished-at="2017-07-24T12:57:15Z">
      <class name="com.maven.cucumber.Runner.Runner">
        <test-method status="PASS" signature="runCukes()[pri:0, instance:com.maven.cucumber.Runner.Runner@2096442d]" name="runCukes" duration-ms="10616" started-at="2017-07-24T18:27:05Z" description="Example of using TestNGCucumberRunner to invoke Cucumber" finished-at="2017-07-24T18:27:15Z">
          <reporter-output>
          </reporter-output>
        </test-method> <!-- runCukes -->
      </class> <!-- com.maven.cucumber.Runner.Runner -->
    </test> <!-- Test -->
  </suite> <!-- Suite -->
</testng-results>
