<?xml version="1.0" encoding="UTF-8"?>
<testng-results skipped="0" failed="0" ignored="0" total="1" passed="1">
  <reporter-output>
  </reporter-output>
  <suite name="Default suite" duration-ms="7998" started-at="2017-06-13T15:49:36Z" finished-at="2017-06-13T15:49:44Z">
    <groups>
      <group name="examples-testng">
        <method signature="Runner.runCukes()[pri:0, instance:com.maven.cucumber.Runner.Runner@4cf777e8]" name="runCukes" class="com.maven.cucumber.Runner.Runner"/>
      </group> <!-- examples-testng -->
    </groups>
    <test name="Default test" duration-ms="7998" started-at="2017-06-13T15:49:36Z" finished-at="2017-06-13T15:49:44Z">
      <class name="com.maven.cucumber.Runner.Runner">
        <test-method status="PASS" signature="runCukes()[pri:0, instance:com.maven.cucumber.Runner.Runner@4cf777e8]" name="runCukes" duration-ms="7964" started-at="2017-06-13T21:19:36Z" description="Example of using TestNGCucumberRunner to invoke Cucumber" finished-at="2017-06-13T21:19:44Z">
          <reporter-output>
          </reporter-output>
        </test-method> <!-- runCukes -->
      </class> <!-- com.maven.cucumber.Runner.Runner -->
    </test> <!-- Default test -->
  </suite> <!-- Default suite -->
</testng-results>
